<?xml version="1.0" encoding="UTF-8"?>
<!-- Generated by org.testng.reporters.JUnitReportReporter -->
<testsuite hostname="user-PC" name="com.finance.Dashboard.DashboardTC" tests="1" failures="0" timestamp="7 May 2019 11:05:00 GMT" time="13.360" errors="0">
  <testcase name="VerifyDashboardFunctionality" time="13.360" classname="com.finance.Dashboard.DashboardTC"/>
</testsuite> <!-- com.finance.Dashboard.DashboardTC -->
