<?xml version="1.0" encoding="UTF-8"?>
<!-- Generated by org.testng.reporters.JUnitReportReporter -->
<testsuite hostname="user-PC" name="com.finance.login.Parameterization" tests="1" failures="0" timestamp="22 Jan 2019 10:20:37 GMT" time="3.300" errors="0">
  <testcase name="Test" time="3.300" classname="com.finance.login.Parameterization"/>
</testsuite> <!-- com.finance.login.Parameterization -->
