<?xml version="1.0" encoding="UTF-8"?>
<!-- Generated by org.testng.reporters.JUnitReportReporter -->
<testsuite hostname="user-PC" name="com.finance.signup.FinanceSignup" tests="1" failures="0" timestamp="17 Jan 2019 07:59:37 GMT" time="0.001" errors="0">
  <testcase name="Signup" time="0.001" classname="com.finance.signup.FinanceSignup"/>
</testsuite> <!-- com.finance.signup.FinanceSignup -->
