<?xml version="1.0" encoding="UTF-8"?>
<!-- Generated by org.testng.reporters.JUnitReportReporter -->
<testsuite hostname="user-PC" name="com.finance.loanapplication.LoanApplicationsPage" tests="1" failures="0" timestamp="7 May 2019 11:05:00 GMT" time="27.663" errors="0">
  <testcase name="UpdateLeadFollowStatusFuncionality" time="27.663" classname="com.finance.loanapplication.LoanApplicationsPage"/>
</testsuite> <!-- com.finance.loanapplication.LoanApplicationsPage -->
