<?xml version="1.0" encoding="UTF-8"?>
<!-- Generated by org.testng.reporters.JUnitReportReporter -->
<testsuite hostname="user-PC" name="com.finance.loanapplication.LoanApplicationPageUI" tests="1" failures="0" timestamp="7 May 2019 10:13:21 GMT" time="24.978" errors="0">
  <testcase name="VerifyLoanApplicationPageUI" time="24.978" classname="com.finance.loanapplication.LoanApplicationPageUI"/>
</testsuite> <!-- com.finance.loanapplication.LoanApplicationPageUI -->
