<?xml version="1.0" encoding="UTF-8"?>
<!-- Generated by org.testng.reporters.JUnitReportReporter -->
<testsuite hostname="user-PC" name="com.finance.LeadForm.LeadFormTC" tests="1" failures="0" timestamp="7 May 2019 11:05:00 GMT" time="70.847" errors="0">
  <testcase name="LeadFormSubmission" time="70.847" classname="com.finance.LeadForm.LeadFormTC"/>
</testsuite> <!-- com.finance.LeadForm.LeadFormTC -->
