<?xml version="1.0" encoding="UTF-8"?>
<!-- Generated by org.testng.reporters.JUnitReportReporter -->
<testsuite hostname="user-PC" name="com.finance.login.Login" tests="1" failures="0" timestamp="22 Jan 2019 10:15:53 GMT" time="0.682" errors="0">
  <testcase name="LoginFunctionality" time="0.682" classname="com.finance.login.Login"/>
</testsuite> <!-- com.finance.login.Login -->
