<?xml version="1.0" encoding="UTF-8"?>
<!-- Generated by org.testng.reporters.JUnitReportReporter -->
<testsuite hostname="user-PC" name="com.finance.LeadForm.LeadForm" tests="1" failures="0" timestamp="27 Mar 2019 11:24:06 GMT" time="3.118" errors="0">
  <testcase name="LeadFormSubmission" time="3.118" classname="com.finance.LeadForm.LeadForm"/>
</testsuite> <!-- com.finance.LeadForm.LeadForm -->
