<?xml version="1.0" encoding="UTF-8"?>
<!-- Generated by org.testng.reporters.JUnitReportReporter -->
<testsuite hostname="user-PC" name="com.finance.login.LoginTC" tests="1" failures="0" timestamp="4 Apr 2019 10:18:50 GMT" time="0.802" errors="0">
  <testcase name="LoginIntoFinanceFunctionality" time="0.802" classname="com.finance.login.LoginTC"/>
</testsuite> <!-- com.finance.login.LoginTC -->
