<?xml version="1.0" encoding="UTF-8"?>
<!-- Generated by org.testng.reporters.JUnitReportReporter -->
<testsuite hostname="user-PC" name="com.finance.LeadForm.MultipleLeadCreate" tests="1" failures="0" timestamp="4 Apr 2019 07:09:47 GMT" time="20.397" errors="0">
  <testcase name="LeadFormSubmission" time="20.397" classname="com.finance.LeadForm.MultipleLeadCreate"/>
</testsuite> <!-- com.finance.LeadForm.MultipleLeadCreate -->
